# JRE version: OpenJDK Runtime Environment Corretto-19.0.2.7.1 (19.0.2+7) (build 19.0.2+7-FR)
# Java VM: OpenJDK 64-Bit Server VM Corretto-19.0.2.7.1 (19.0.2+7-FR, mixed mode, sharing, tiered, compressed oops, compressed class ptrs, g1 gc, windows-amd64)
GC Precious Log:
 CardTable entry size: 512
 Card Set container configuration: InlinePtr #cards 5 size 8 Array Of Cards #cards 12 size 40 Howl #buckets 4 coarsen threshold 1843 Howl Bitmap #cards 512 size 80 coarsen threshold 460 Card regions per heap region 1 cards per card region 2048
 CPUs: 4 total, 4 available
 Memory: 8071M
 Large Page Support: Disabled
 NUMA Support: Disabled
 Compressed Oops: Enabled (32-bit)
 Heap Region Size: 1M
 Heap Min Capacity: 8M
 Heap Initial Capacity: 128M
 Heap Max Capacity: 2018M
 Pre-touch: Disabled
 Parallel Workers: 4
 Concurrent Workers: 1
 Concurrent Refinement Workers: 4
 Periodic GC: Disabled
Heap:
 garbage-first heap   total 92160K, used 51708K [0x0000000081e00000, 0x0000000100000000)
  region size 1024K, 28 young (28672K), 1 survivors (1024K)
 Metaspace       used 65150K, committed 65792K, reserved 1114112K
  class space    used 8463K, committed 8768K, reserved 1048576K
GC Heap History (20 events):
Event: 4.021 GC heap before
{Heap before GC invocations=5 (full 0):
 garbage-first heap   total 48128K, used 33876K [0x0000000081e00000, 0x0000000100000000)
  region size 1024K, 28 young (28672K), 7 survivors (7168K)
 Metaspace       used 25884K, committed 26304K, reserved 1114112K
  class space    used 3181K, committed 3392K, reserved 1048576K
}
Event: 4.043 GC heap after
{Heap after GC invocations=6 (full 0):
 garbage-first heap   total 48128K, used 14907K [0x0000000081e00000, 0x0000000100000000)
  region size 1024K, 3 young (3072K), 3 survivors (3072K)
 Metaspace       used 25884K, committed 26304K, reserved 1114112K
  class space    used 3181K, committed 3392K, reserved 1048576K
}
Event: 4.082 GC heap before
{Heap before GC invocations=6 (full 0):
 garbage-first heap   total 48128K, used 15931K [0x0000000081e00000, 0x0000000100000000)
  region size 1024K, 4 young (4096K), 3 survivors (3072K)
 Metaspace       used 26118K, committed 26496K, reserved 1114112K
  class space    used 3206K, committed 3392K, reserved 1048576K
}
Event: 4.091 GC heap after
{Heap after GC invocations=7 (full 0):
 garbage-first heap   total 48128K, used 15397K [0x0000000081e00000, 0x0000000100000000)
  region size 1024K, 1 young (1024K), 1 survivors (1024K)
 Metaspace       used 26118K, committed 26496K, reserved 1114112K
  class space    used 3206K, committed 3392K, reserved 1048576K
}
Event: 4.680 GC heap before
{Heap before GC invocations=7 (full 0):
 garbage-first heap   total 48128K, used 31781K [0x0000000081e00000, 0x0000000100000000)
  region size 1024K, 18 young (18432K), 1 survivors (1024K)
 Metaspace       used 29735K, committed 30208K, reserved 1114112K
  class space    used 3658K, committed 3840K, reserved 1048576K
}
Event: 4.683 GC heap after
{Heap after GC invocations=8 (full 0):
 garbage-first heap   total 48128K, used 16468K [0x0000000081e00000, 0x0000000100000000)
  region size 1024K, 2 young (2048K), 2 survivors (2048K)
 Metaspace       used 29735K, committed 30208K, reserved 1114112K
  class space    used 3658K, committed 3840K, reserved 1048576K
}
Event: 5.179 GC heap before
{Heap before GC invocations=8 (full 0):
 garbage-first heap   total 48128K, used 32852K [0x0000000081e00000, 0x0000000100000000)
  region size 1024K, 19 young (19456K), 2 survivors (2048K)
 Metaspace       used 34315K, committed 34880K, reserved 1114112K
  class space    used 4373K, committed 4672K, reserved 1048576K
}
Event: 5.184 GC heap after
{Heap after GC invocations=9 (full 0):
 garbage-first heap   total 48128K, used 17356K [0x0000000081e00000, 0x0000000100000000)
  region size 1024K, 3 young (3072K), 3 survivors (3072K)
 Metaspace       used 34315K, committed 34880K, reserved 1114112K
  class space    used 4373K, committed 4672K, reserved 1048576K
}
Event: 5.292 GC heap before
{Heap before GC invocations=9 (full 0):
 garbage-first heap   total 48128K, used 20428K [0x0000000081e00000, 0x0000000100000000)
  region size 1024K, 7 young (7168K), 3 survivors (3072K)
 Metaspace       used 35592K, committed 36096K, reserved 1114112K
  class space    used 4498K, committed 4736K, reserved 1048576K
}
Event: 5.296 GC heap after
{Heap after GC invocations=10 (full 0):
 garbage-first heap   total 48128K, used 18048K [0x0000000081e00000, 0x0000000100000000)
  region size 1024K, 2 young (2048K), 2 survivors (2048K)
 Metaspace       used 35592K, committed 36096K, reserved 1114112K
  class space    used 4498K, committed 4736K, reserved 1048576K
}
Event: 6.006 GC heap before
{Heap before GC invocations=11 (full 0):
 garbage-first heap   total 48128K, used 35456K [0x0000000081e00000, 0x0000000100000000)
  region size 1024K, 19 young (19456K), 2 survivors (2048K)
 Metaspace       used 43962K, committed 44480K, reserved 1114112K
  class space    used 5510K, committed 5760K, reserved 1048576K
}
Event: 6.010 GC heap after
{Heap after GC invocations=12 (full 0):
 garbage-first heap   total 48128K, used 19622K [0x0000000081e00000, 0x0000000100000000)
  region size 1024K, 3 young (3072K), 3 survivors (3072K)
 Metaspace       used 43962K, committed 44480K, reserved 1114112K
  class space    used 5510K, committed 5760K, reserved 1048576K
}
Event: 6.039 GC heap before
{Heap before GC invocations=12 (full 0):
 garbage-first heap   total 48128K, used 20646K [0x0000000081e00000, 0x0000000100000000)
  region size 1024K, 4 young (4096K), 3 survivors (3072K)
 Metaspace       used 44233K, committed 44736K, reserved 1114112K
  class space    used 5546K, committed 5760K, reserved 1048576K
}
Event: 6.045 GC heap after
{Heap after GC invocations=13 (full 0):
 garbage-first heap   total 48128K, used 19561K [0x0000000081e00000, 0x0000000100000000)
  region size 1024K, 1 young (1024K), 1 survivors (1024K)
 Metaspace       used 44233K, committed 44736K, reserved 1114112K
  class space    used 5546K, committed 5760K, reserved 1048576K
}
Event: 6.476 GC heap before
{Heap before GC invocations=13 (full 0):
 garbage-first heap   total 48128K, used 34921K [0x0000000081e00000, 0x0000000100000000)
  region size 1024K, 17 young (17408K), 1 survivors (1024K)
 Metaspace       used 48966K, committed 49472K, reserved 1114112K
  class space    used 6240K, committed 6464K, reserved 1048576K
}
Event: 6.478 GC heap after
{Heap after GC invocations=14 (full 0):
 garbage-first heap   total 96256K, used 20290K [0x0000000081e00000, 0x0000000100000000)
  region size 1024K, 2 young (2048K), 2 survivors (2048K)
 Metaspace       used 48966K, committed 49472K, reserved 1114112K
  class space    used 6240K, committed 6464K, reserved 1048576K
}
Event: 7.957 GC heap before
{Heap before GC invocations=14 (full 0):
 garbage-first heap   total 96256K, used 73538K [0x0000000081e00000, 0x0000000100000000)
  region size 1024K, 54 young (55296K), 2 survivors (2048K)
 Metaspace       used 60364K, committed 60864K, reserved 1114112K
  class space    used 7849K, committed 8064K, reserved 1048576K
}
Event: 7.967 GC heap after
{Heap after GC invocations=15 (full 0):
 garbage-first heap   total 96256K, used 24310K [0x0000000081e00000, 0x0000000100000000)
  region size 1024K, 6 young (6144K), 6 survivors (6144K)
 Metaspace       used 60364K, committed 60864K, reserved 1114112K
  class space    used 7849K, committed 8064K, reserved 1048576K
}
Event: 8.079 GC heap before
{Heap before GC invocations=15 (full 0):
 garbage-first heap   total 96256K, used 28406K [0x0000000081e00000, 0x0000000100000000)
  region size 1024K, 11 young (11264K), 6 survivors (6144K)
 Metaspace       used 60767K, committed 61248K, reserved 1114112K
  class space    used 7904K, committed 8128K, reserved 1048576K
}
Event: 8.089 GC heap after
{Heap after GC invocations=16 (full 0):
 garbage-first heap   total 96256K, used 25084K [0x0000000081e00000, 0x0000000100000000)
  region size 1024K, 1 young (1024K), 1 survivors (1024K)
 Metaspace       used 60767K, committed 61248K, reserved 1114112K
  class space    used 7904K, committed 8128K, reserved 1048576K
}

